build/app/outputs/mapping/release/mapping.txt
# compiler: R8
# compiler_version: 1.5.64
# min_api: 21
# pg_map_id: 8439d51
com.ram.flutterthreadexample.Application -> com.ram.flutterthreadexample.Application:
    void registerWith(io.flutter.plugin.common.PluginRegistry) -> a
com.ram.flutterthreadexample.MainActivity -> com.ram.flutterthreadexample.MainActivity:
    void configureFlutterEngine(io.flutter.embedding.engine.FlutterEngine) -> b
...
io.flutter.plugins.imagepicker.ImagePickerDelegate$FileUriResolver -> io.flutter.plugins.imagepicker.e$f:
    void getFullImagePath(android.net.Uri,io.flutter.plugins.imagepicker.ImagePickerDelegate$OnPathReadyListener) -> a
    android.net.Uri resolveFileProviderUriForFile(java.lang.String,java.io.File) -> a
io.flutter.plugins.imagepicker.ImagePickerDelegate$IntentResolver -> io.flutter.plugins.imagepicker.e$g:
    boolean resolveActivity(android.content.Intent) -> a
io.flutter.plugins.imagepicker.ImagePickerDelegate$OnPathReadyListener -> io.flutter.plugins.imagepicker.e$h:
    void onPathReady(java.lang.String) -> a
io.flutter.plugins.imagepicker.ImagePickerDelegate$PermissionManager -> io.flutter.plugins.imagepicker.e$i:
    void askForPermission(java.lang.String,int) -> a
    boolean isPermissionGranted(java.lang.String) -> a
    boolean needRequestCameraPermission() -> a
io.flutter.plugins.imagepicker.ImagePickerPlugin -> io.flutter.plugins.imagepicker.ImagePickerPlugin:
    io.flutter.embedding.engine.plugins.activity.ActivityPluginBinding activityBinding -> d
    io.flutter.plugins.imagepicker.ImagePickerPlugin$LifeCycleObserver observer -> h
    android.app.Activity activity -> f
    io.flutter.embedding.engine.plugins.FlutterPlugin$FlutterPluginBinding pluginBinding -> c
    androidx.lifecycle.Lifecycle lifecycle -> g
    io.flutter.plugins.imagepicker.ImagePickerDelegate delegate -> b
    io.flutter.plugin.common.MethodChannel channel -> a
    android.app.Application application -> e
    io.flutter.plugins.imagepicker.ImagePickerDelegate access$000(io.flutter.plugins.imagepicker.ImagePickerPlugin) -> a
    io.flutter.plugins.imagepicker.ImagePickerDelegate constructDelegate(android.app.Activity) -> a
    void onAttachedToActivity(io.flutter.embedding.engine.plugins.activity.ActivityPluginBinding) -> a
    void onAttachedToEngine(io.flutter.embedding.engine.plugins.FlutterPlugin$FlutterPluginBinding) -> a
    void onDetachedFromActivity() -> a
    void onMethodCall(io.flutter.plugin.common.MethodCall,io.flutter.plugin.common.MethodChannel$Result) -> a
    void setup(io.flutter.plugin.common.BinaryMessenger,android.app.Application,android.app.Activity,io.flutter.plugin.common.PluginRegistry$Registrar,io.flutter.embedding.engine.plugins.activity.ActivityPluginBinding) -> a
    void onDetachedFromActivityForConfigChanges() -> b
io.flutter.plugins.imagepicker.ImagePickerPlugin$LifeCycleObserver -> io.flutter.plugins.imagepicker.ImagePickerPlugin$LifeCycleObserver:
    io.flutter.plugins.imagepicker.ImagePickerPlugin this$0 -> c
    android.app.Activity thisActivity -> b
    void onResume(androidx.lifecycle.LifecycleOwner) -> a
    void onDestroy(androidx.lifecycle.LifecycleOwner) -> b
    void onCreate(androidx.lifecycle.LifecycleOwner) -> c
    void onPause(androidx.lifecycle.LifecycleOwner) -> d
    void onStop(androidx.lifecycle.LifecycleOwner) -> e
    void onStart(androidx.lifecycle.LifecycleOwner) -> f
io.flutter.plugins.imagepicker.ImagePickerPlugin$MethodResultWrapper -> io.flutter.plugins.imagepicker.ImagePickerPlugin$a:
    io.flutter.plugin.common.MethodChannel$Result methodResult -> a
    android.os.Handler handler -> b
    io.flutter.plugin.common.MethodChannel$Result access$100(io.flutter.plugins.imagepicker.ImagePickerPlugin$MethodResultWrapper) -> a
    void error(java.lang.String,java.lang.String,java.lang.Object) -> a
    void notImplemented() -> a
    void success(java.lang.Object) -> a
io.flutter.plugins.imagepicker.ImagePickerPlugin$MethodResultWrapper$1 -> io.flutter.plugins.imagepicker.ImagePickerPlugin$a$a:
    java.lang.Object val$result -> b
    io.flutter.plugins.imagepicker.ImagePickerPlugin$MethodResultWrapper this$0 -> c